<?xml version="1.0" encoding="UTF-8"?>
<!-- Generated by org.testng.reporters.JUnitXMLReporter -->
<testsuite hostname="paras" ignored="1" tests="1" failures="1" timestamp="18 Mar 2019 05:25:48 GMT" time="0.17" errors="0">
  <testcase name="test1" time="0.056" classname="Hello">
    <failure type="java.lang.AssertionError" message="The following asserts failed:
	expected [demoforHardAssertion] but found [demoforHardAssertions]">
      <![CDATA[java.lang.AssertionError: The following asserts failed:
expected [demoforHardAssertion] but found [demoforHardAssertions]
at Hello.test1(Hello.java:36)
... Removed 26 stack frames]]>
    </failure>
  </testcase> <!-- test1 -->
  <testcase name="test2" time="0.0" classname="Hello">
    <ignored/>
  </testcase> <!-- test2 -->
</testsuite>
